<?xml version="1.0" encoding="UTF-8"?>
<testng-results skipped="0" failed="0" ignored="0" total="1" passed="1">
  <reporter-output>
  </reporter-output>
  <suite name="softwaretestingmaterial" duration-ms="23091" started-at="2018-07-19T10:20:26Z" finished-at="2018-07-19T10:20:49Z">
    <groups>
    </groups>
    <test name="testngTest" duration-ms="23091" started-at="2018-07-19T10:20:26Z" finished-at="2018-07-19T10:20:49Z">
      <class name="basicTest.gmailTest">
        <test-method status="PASS" signature="login(java.lang.String, java.lang.String)[pri:0, instance:basicTest.gmailTest@d28fa7]" name="login" duration-ms="22915" started-at="2018-07-19T10:20:26Z" finished-at="2018-07-19T10:20:49Z">
          <params>
            <param index="0">
              <value>
                <![CDATA[aahana]]>
              </value>
            </param>
            <param index="1">
              <value>
                <![CDATA[garg]]>
              </value>
            </param>
          </params>
          <reporter-output>
          </reporter-output>
        </test-method> <!-- login -->
      </class> <!-- basicTest.gmailTest -->
    </test> <!-- testngTest -->
  </suite> <!-- softwaretestingmaterial -->
</testng-results>
