<?xml version="1.0" encoding="UTF-8"?>
<!-- Generated by org.testng.reporters.JUnitXMLReporter -->
<testsuite hostname="Kavya" ignored="0" name="testname" tests="2" failures="1" timestamp="24 Aug 2018 12:19:33 GMT" time="0.099" errors="0">
  <testcase name="Test1" time="0.018" classname="SimpleTest.Test1"/>
  <testcase name="Test2" time="0.003" classname="SimpleTest.Test1">
    <failure type="java.lang.AssertionError" message="expected [true] but found [false]">
      <![CDATA[java.lang.AssertionError: expected [true] but found [false]
	at SimpleTest.Test1.Test2(Test1.java:40)
... Removed 29 stack frames]]>
    </failure>
  </testcase> <!-- Test2 -->
</testsuite> <!-- testname -->
