<?xml version="1.0" encoding="UTF-8"?>
<!-- Generated by org.testng.reporters.JUnitXMLReporter -->
<testsuite hostname="Kavya" name="testngTest1" tests="3" failures="0" timestamp="20 Jul 2018 06:08:47 GMT" time="27.89" errors="0">
  <testcase name="login" time="13.657" classname="basicTest.dataProviderTest"/>
  <testcase name="login" time="7.317" classname="basicTest.dataProviderTest"/>
  <testcase name="login" time="6.911" classname="basicTest.dataProviderTest"/>
</testsuite> <!-- testngTest1 -->
