<?xml version="1.0" encoding="UTF-8"?>
<!-- Generated by org.testng.reporters.JUnitXMLReporter -->
<testsuite hostname="Kavya" ignored="0" name="testname" tests="2" failures="1" timestamp="24 Aug 2018 13:18:09 GMT" time="0.17" errors="0">
  <testcase name="Test1" time="0.015" classname="SimpleTest.Test1"/>
  <testcase name="Test2" time="0.001" classname="SimpleTest.Test1">
    <failure type="java.lang.AssertionError" message="expected [true] but found [false]">
      <![CDATA[java.lang.AssertionError: expected [true] but found [false]
	at SimpleTest.Test1.Test2(Test1.java:40)
... Removed 32 stack frames]]>
    </failure>
  </testcase> <!-- Test2 -->
</testsuite> <!-- testname -->
