<?xml version="1.0" encoding="UTF-8"?>
<testng-results skipped="0" failed="0" ignored="0" total="1" passed="1">
  <reporter-output>
  </reporter-output>
  <suite name="com.qa.test.DemoTest" duration-ms="76" started-at="2018-08-22T09:25:58Z" finished-at="2018-08-22T09:25:58Z">
    <groups>
    </groups>
    <test name="Command line test" duration-ms="76" started-at="2018-08-22T09:25:58Z" finished-at="2018-08-22T09:25:58Z">
      <class name="com.qa.test.DemoTest">
        <test-method status="PASS" signature="test()[pri:0, instance:com.qa.test.DemoTest@ce8af7]" name="test" duration-ms="20" started-at="2018-08-22T14:55:58Z" finished-at="2018-08-22T14:55:58Z">
          <reporter-output>
          </reporter-output>
        </test-method> <!-- test -->
      </class> <!-- com.qa.test.DemoTest -->
    </test> <!-- Command line test -->
  </suite> <!-- com.qa.test.DemoTest -->
</testng-results>
